<?xml version="1.0" encoding="UTF-8"?>
<!-- Generated by org.testng.reporters.JUnitXMLReporter -->
<testsuite ignored="0" hostname="Tenzins-MacBook-Pro-2.local" failures="2" tests="14" name="Surefire test" time="16.238" errors="0" timestamp="2023-05-06T17:04:42 IST">
  <testcase classname="org.example.HurtMePlentyTest" name="@AfterMethod takeScreenshotOnFailure" time="0.027">
    <failure type="java.lang.NullPointerException" message="Cannot invoke &amp;quot;org.openqa.selenium.TakesScreenshot.getScreenshotAs(org.openqa.selenium.OutputType)&amp;quot; because &amp;quot;screenshot&amp;quot; is null">
      <![CDATA[java.lang.NullPointerException: Cannot invoke "org.openqa.selenium.TakesScreenshot.getScreenshotAs(org.openqa.selenium.OutputType)" because "screenshot" is null
at org.example.HurtMePlentyTest.takeScreenshotOnFailure(HurtMePlentyTest.java:86)
at java.base/java.util.ArrayList.forEach(ArrayList.java:1511)
... Removed 35 stack frames]]>
    </failure>
  </testcase> <!-- @AfterMethod takeScreenshotOnFailure -->
  <testcase classname="org.example.HurtMePlentyTest" name="@AfterMethod takeScreenshotOnFailure" time="0.0">
    <skipped/>
  </testcase> <!-- @AfterMethod takeScreenshotOnFailure -->
  <testcase classname="org.example.HurtMePlentyTest" name="@AfterMethod takeScreenshotOnFailure" time="0.0">
    <skipped/>
  </testcase> <!-- @AfterMethod takeScreenshotOnFailure -->
  <testcase classname="org.example.HurtMePlentyTest" name="@AfterMethod takeScreenshotOnFailure" time="0.0">
    <skipped/>
  </testcase> <!-- @AfterMethod takeScreenshotOnFailure -->
  <testcase classname="org.example.HurtMePlentyTest" name="@AfterMethod takeScreenshotOnFailure" time="0.0">
    <skipped/>
  </testcase> <!-- @AfterMethod takeScreenshotOnFailure -->
  <testcase classname="org.example.HurtMePlentyTest" name="@AfterMethod takeScreenshotOnFailure" time="0.0">
    <skipped/>
  </testcase> <!-- @AfterMethod takeScreenshotOnFailure -->
  <testcase classname="org.example.HurtMePlentyTest" name="@AfterMethod takeScreenshotOnFailure" time="0.0">
    <skipped/>
  </testcase> <!-- @AfterMethod takeScreenshotOnFailure -->
  <testcase classname="org.example.HurtMePlentyTest" name="@AfterMethod takeScreenshotOnFailure" time="0.0">
    <skipped/>
  </testcase> <!-- @AfterMethod takeScreenshotOnFailure -->
  <testcase classname="org.example.HurtMePlentyTest" name="@AfterMethod takeScreenshotOnFailure" time="0.0">
    <skipped/>
  </testcase> <!-- @AfterMethod takeScreenshotOnFailure -->
  <testcase classname="org.example.HurtMePlentyTest" name="@AfterMethod takeScreenshotOnFailure" time="0.0">
    <skipped/>
  </testcase> <!-- @AfterMethod takeScreenshotOnFailure -->
  <testcase classname="org.example.HurtMePlentyTest" name="@AfterMethod takeScreenshotOnFailure" time="0.0">
    <skipped/>
  </testcase> <!-- @AfterMethod takeScreenshotOnFailure -->
  <testcase classname="org.example.HurtMePlentyTest" name="@AfterMethod takeScreenshotOnFailure" time="0.0">
    <skipped/>
  </testcase> <!-- @AfterMethod takeScreenshotOnFailure -->
  <testcase classname="org.example.HurtMePlentyTest" name="@AfterMethod takeScreenshotOnFailure" time="0.0">
    <skipped/>
  </testcase> <!-- @AfterMethod takeScreenshotOnFailure -->
  <testcase classname="org.example.ICanWinTest" name="NewPaste" time="4.282">
    <failure type="org.openqa.selenium.NoSuchWindowException" message="no such window: target window already closed
from unknown error: web view not found
  (Session info: chrome=112.0.5615.137)
Build info: version: &amp;apos;4.8.2&amp;apos;, revision: &amp;apos;826dbfc730&amp;apos;
System info: os.name: &amp;apos;Mac OS X&amp;apos;, os.arch: &amp;apos;x86_64&amp;apos;, os.version: &amp;apos;12.2.1&amp;apos;, java.version: &amp;apos;19.0.2&amp;apos;
Driver info: org.openqa.selenium.chrome.ChromeDriver
Command: [8fb582716441f5182d45cf9ef7ac87eb, findElement {using=xpath, value=//span[@id=&amp;apos;select2-postform-expiration-container&amp;apos;]}]
Capabilities {acceptInsecureCerts: false, browserName: chrome, browserVersion: 112.0.5615.137, chrome: {chromedriverVersion: 112.0.5615.49 (bd2a7bcb881c..., userDataDir: /var/folders/k1/bv83b81n7c1...}, goog:chromeOptions: {debuggerAddress: localhost:59998}, networkConnectionEnabled: false, pageLoadStrategy: normal, platformName: MAC, proxy: Proxy(), se:cdp: ws://localhost:59998/devtoo..., se:cdpVersion: 112.0.5615.137, setWindowRect: true, strictFileInteractability: false, timeouts: {implicit: 0, pageLoad: 300000, script: 30000}, unhandledPromptBehavior: dismiss and notify, webauthn:extension:credBlob: true, webauthn:extension:largeBlob: true, webauthn:extension:minPinLength: true, webauthn:extension:prf: true, webauthn:virtualAuthenticators: true}
Session ID: 8fb582716441f5182d45cf9ef7ac87eb">
      <![CDATA[org.openqa.selenium.NoSuchWindowException: no such window: target window already closed
from unknown error: web view not found
  (Session info: chrome=112.0.5615.137)
Build info: version: '4.8.2', revision: '826dbfc730'
System info: os.name: 'Mac OS X', os.arch: 'x86_64', os.version: '12.2.1', java.version: '19.0.2'
Driver info: org.openqa.selenium.chrome.ChromeDriver
Command: [8fb582716441f5182d45cf9ef7ac87eb, findElement {using=xpath, value=//span[@id='select2-postform-expiration-container']}]
Capabilities {acceptInsecureCerts: false, browserName: chrome, browserVersion: 112.0.5615.137, chrome: {chromedriverVersion: 112.0.5615.49 (bd2a7bcb881c..., userDataDir: /var/folders/k1/bv83b81n7c1...}, goog:chromeOptions: {debuggerAddress: localhost:59998}, networkConnectionEnabled: false, pageLoadStrategy: normal, platformName: MAC, proxy: Proxy(), se:cdp: ws://localhost:59998/devtoo..., se:cdpVersion: 112.0.5615.137, setWindowRect: true, strictFileInteractability: false, timeouts: {implicit: 0, pageLoad: 300000, script: 30000}, unhandledPromptBehavior: dismiss and notify, webauthn:extension:credBlob: true, webauthn:extension:largeBlob: true, webauthn:extension:minPinLength: true, webauthn:extension:prf: true, webauthn:virtualAuthenticators: true}
Session ID: 8fb582716441f5182d45cf9ef7ac87eb
at org.openqa.selenium.remote.codec.w3c.W3CHttpResponseCodec.createException(W3CHttpResponseCodec.java:200)
at org.openqa.selenium.remote.codec.w3c.W3CHttpResponseCodec.decode(W3CHttpResponseCodec.java:133)
at org.openqa.selenium.remote.codec.w3c.W3CHttpResponseCodec.decode(W3CHttpResponseCodec.java:53)
at org.openqa.selenium.remote.HttpCommandExecutor.execute(HttpCommandExecutor.java:193)
at org.openqa.selenium.remote.service.DriverCommandExecutor.invokeExecute(DriverCommandExecutor.java:183)
at org.openqa.selenium.remote.service.DriverCommandExecutor.execute(DriverCommandExecutor.java:158)
at org.openqa.selenium.remote.RemoteWebDriver.execute(RemoteWebDriver.java:543)
at org.openqa.selenium.remote.ElementLocation$ElementFinder$2.findElement(ElementLocation.java:162)
at org.openqa.selenium.remote.ElementLocation.findElement(ElementLocation.java:60)
at org.openqa.selenium.remote.RemoteWebDriver.findElement(RemoteWebDriver.java:352)
at org.openqa.selenium.remote.RemoteWebDriver.findElement(RemoteWebDriver.java:344)
at org.example.ICanWin.pasteExpiration(ICanWin.java:32)
at org.example.ICanWinTest.NewPaste(ICanWinTest.java:23)
at java.base/java.util.ArrayList.forEach(ArrayList.java:1511)
... Removed 33 stack frames]]>
    </failure>
  </testcase> <!-- NewPaste -->
  <testcase classname="org.example.HurtMePlentyTest" name="environment" time="7.023">
    <failure type="org.openqa.selenium.NoSuchWindowException" message="no such window: target window already closed
from unknown error: web view not found
  (Session info: chrome=112.0.5615.137)
Build info: version: &amp;apos;4.8.2&amp;apos;, revision: &amp;apos;826dbfc730&amp;apos;
System info: os.name: &amp;apos;Mac OS X&amp;apos;, os.arch: &amp;apos;x86_64&amp;apos;, os.version: &amp;apos;12.2.1&amp;apos;, java.version: &amp;apos;19.0.2&amp;apos;
Driver info: org.openqa.selenium.chrome.ChromeDriver
Command: [c04f604713a0e877c820fa5ca2400d21, maximizeCurrentWindow {}]
Capabilities {acceptInsecureCerts: false, browserName: chrome, browserVersion: 112.0.5615.137, chrome: {chromedriverVersion: 112.0.5615.49 (bd2a7bcb881c..., userDataDir: /var/folders/k1/bv83b81n7c1...}, goog:chromeOptions: {debuggerAddress: localhost:60104}, networkConnectionEnabled: false, pageLoadStrategy: normal, platformName: MAC, proxy: Proxy(), se:cdp: ws://localhost:60104/devtoo..., se:cdpVersion: 112.0.5615.137, setWindowRect: true, strictFileInteractability: false, timeouts: {implicit: 0, pageLoad: 300000, script: 30000}, unhandledPromptBehavior: dismiss and notify, webauthn:extension:credBlob: true, webauthn:extension:largeBlob: true, webauthn:extension:minPinLength: true, webauthn:extension:prf: true, webauthn:virtualAuthenticators: true}
Session ID: c04f604713a0e877c820fa5ca2400d21">
      <![CDATA[org.openqa.selenium.NoSuchWindowException: no such window: target window already closed
from unknown error: web view not found
  (Session info: chrome=112.0.5615.137)
Build info: version: '4.8.2', revision: '826dbfc730'
System info: os.name: 'Mac OS X', os.arch: 'x86_64', os.version: '12.2.1', java.version: '19.0.2'
Driver info: org.openqa.selenium.chrome.ChromeDriver
Command: [c04f604713a0e877c820fa5ca2400d21, maximizeCurrentWindow {}]
Capabilities {acceptInsecureCerts: false, browserName: chrome, browserVersion: 112.0.5615.137, chrome: {chromedriverVersion: 112.0.5615.49 (bd2a7bcb881c..., userDataDir: /var/folders/k1/bv83b81n7c1...}, goog:chromeOptions: {debuggerAddress: localhost:60104}, networkConnectionEnabled: false, pageLoadStrategy: normal, platformName: MAC, proxy: Proxy(), se:cdp: ws://localhost:60104/devtoo..., se:cdpVersion: 112.0.5615.137, setWindowRect: true, strictFileInteractability: false, timeouts: {implicit: 0, pageLoad: 300000, script: 30000}, unhandledPromptBehavior: dismiss and notify, webauthn:extension:credBlob: true, webauthn:extension:largeBlob: true, webauthn:extension:minPinLength: true, webauthn:extension:prf: true, webauthn:virtualAuthenticators: true}
Session ID: c04f604713a0e877c820fa5ca2400d21
at org.openqa.selenium.remote.codec.w3c.W3CHttpResponseCodec.createException(W3CHttpResponseCodec.java:200)
at org.openqa.selenium.remote.codec.w3c.W3CHttpResponseCodec.decode(W3CHttpResponseCodec.java:133)
at org.openqa.selenium.remote.codec.w3c.W3CHttpResponseCodec.decode(W3CHttpResponseCodec.java:53)
at org.openqa.selenium.remote.HttpCommandExecutor.execute(HttpCommandExecutor.java:193)
at org.openqa.selenium.remote.service.DriverCommandExecutor.invokeExecute(DriverCommandExecutor.java:183)
at org.openqa.selenium.remote.service.DriverCommandExecutor.execute(DriverCommandExecutor.java:158)
at org.openqa.selenium.remote.RemoteWebDriver.execute(RemoteWebDriver.java:543)
at org.openqa.selenium.remote.RemoteWebDriver.execute(RemoteWebDriver.java:598)
at org.openqa.selenium.remote.RemoteWebDriver.execute(RemoteWebDriver.java:602)
at org.openqa.selenium.remote.RemoteWebDriver$RemoteWebDriverOptions$RemoteWindow.maximize(RemoteWebDriver.java:953)
at com.browser.FactoryBrowser.setupBrowser(FactoryBrowser.java:19)
at org.example.HurtMePlentyTest.environment(HurtMePlentyTest.java:25)
at java.base/java.util.ArrayList.forEach(ArrayList.java:1511)
... Removed 33 stack frames]]>
    </failure>
  </testcase> <!-- environment -->
  <testcase classname="org.example.HurtMePlentyTest" name="homePageTest" time="0.0">
    <skipped/>
  </testcase> <!-- homePageTest -->
  <testcase classname="org.example.HurtMePlentyTest" name="NoOfInstance" time="0.0">
    <skipped/>
  </testcase> <!-- NoOfInstance -->
  <testcase classname="org.example.HurtMePlentyTest" name="OS" time="0.0">
    <skipped/>
  </testcase> <!-- OS -->
  <testcase classname="org.example.HurtMePlentyTest" name="VM_Class" time="0.0">
    <skipped/>
  </testcase> <!-- VM_Class -->
  <testcase classname="org.example.HurtMePlentyTest" name="Series" time="0.0">
    <skipped/>
  </testcase> <!-- Series -->
  <testcase classname="org.example.HurtMePlentyTest" name="Instance_Type" time="0.0">
    <skipped/>
  </testcase> <!-- Instance_Type -->
  <testcase classname="org.example.HurtMePlentyTest" name="GPU" time="0.0">
    <skipped/>
  </testcase> <!-- GPU -->
  <testcase classname="org.example.HurtMePlentyTest" name="Local_SSD" time="0.0">
    <skipped/>
  </testcase> <!-- Local_SSD -->
  <testcase classname="org.example.HurtMePlentyTest" name="Location" time="0.0">
    <skipped/>
  </testcase> <!-- Location -->
  <testcase classname="org.example.HurtMePlentyTest" name="usage" time="0.0">
    <skipped/>
  </testcase> <!-- usage -->
  <testcase classname="org.example.HurtMePlentyTest" name="Estimate" time="0.0">
    <skipped/>
  </testcase> <!-- Estimate -->
  <testcase classname="org.example.HurtMePlentyTest" name="closeDriver" time="0.0">
    <skipped/>
  </testcase> <!-- closeDriver -->
</testsuite> <!-- Surefire test -->
